<?xml version="1.0" encoding="UTF-8"?>
<testsuite xmlns:xsi="http://www.w3.org/2001/XMLSchema-instance" xsi:noNamespaceSchemaLocation="https://maven.apache.org/surefire/maven-surefire-plugin/xsd/surefire-test-report-3.0.xsd" version="3.0" name="TaskServiceDeleteTest" time="0.238" tests="3" errors="0" skipped="0" failures="0">
  <properties>
[...]
</properties>
  <testcase name="shouldDeleteTaskSuccessfully" classname="TaskServiceDeleteTest" time="0.128"/>
  <testcase name="deleteAlreadyDeletedTaskShouldReturnFalse" classname="TaskServiceDeleteTest" time="0.005"/>
  <testcase name="deleteNonExistingTaskShouldReturnFalse" classname="TaskServiceDeleteTest" time="0.004"/>
</testsuite>